2016-04-14 00:04:25 [-][-][-][error][yii\db\Exception] exception 'PDOException' with message 'SQLSTATE[HY000] [1049] Unknown database 'yii2basic'' in C:\wamp\www\YiiPackages\rafix\vendor\yiisoft\yii2\db\Connection.php:579
Stack trace:
#0 C:\wamp\www\YiiPackages\rafix\vendor\yiisoft\yii2\db\Connection.php(579): PDO->__construct('mysql:host=loca...', 'root', '', NULL)
#1 C:\wamp\www\YiiPackages\rafix\vendor\yiisoft\yii2\db\Connection.php(529): yii\db\Connection->createPdoInstance()
#2 C:\wamp\www\YiiPackages\rafix\vendor\yiisoft\yii2\db\Connection.php(836): yii\db\Connection->open()
#3 C:\wamp\www\YiiPackages\rafix\vendor\yiisoft\yii2\db\Connection.php(823): yii\db\Connection->getMasterPdo()
#4 C:\wamp\www\YiiPackages\rafix\vendor\yiisoft\yii2\db\Command.php(216): yii\db\Connection->getSlavePdo()
#5 C:\wamp\www\YiiPackages\rafix\vendor\yiisoft\yii2\db\Command.php(831): yii\db\Command->prepare(true)
#6 C:\wamp\www\YiiPackages\rafix\vendor\yiisoft\yii2\db\Command.php(359): yii\db\Command->queryInternal('fetchAll', NULL)
#7 C:\wamp\www\YiiPackages\rafix\vendor\yiisoft\yii2\db\mysql\Schema.php(198): yii\db\Command->queryAll()
#8 C:\wamp\www\YiiPackages\rafix\vendor\yiisoft\yii2\db\mysql\Schema.php(97): yii\db\mysql\Schema->findColumns(Object(yii\db\TableSchema))
#9 C:\wamp\www\YiiPackages\rafix\vendor\yiisoft\yii2\db\Schema.php(146): yii\db\mysql\Schema->loadTableSchema('migration')
#10 C:\wamp\www\YiiPackages\rafix\vendor\yiisoft\yii2\console\controllers\MigrateController.php(121): yii\db\Schema->getTableSchema('{{%migration}}', true)
#11 C:\wamp\www\YiiPackages\rafix\vendor\yiisoft\yii2\console\controllers\BaseMigrateController.php(610): yii\console\controllers\MigrateController->getMigrationHistory(NULL)
#12 C:\wamp\www\YiiPackages\rafix\vendor\yiisoft\yii2\console\controllers\BaseMigrateController.php(102): yii\console\controllers\BaseMigrateController->getNewMigrations()
#13 [internal function]: yii\console\controllers\BaseMigrateController->actionUp(0)
#14 C:\wamp\www\YiiPackages\rafix\vendor\yiisoft\yii2\base\InlineAction.php(55): call_user_func_array(Array, Array)
#15 C:\wamp\www\YiiPackages\rafix\vendor\yiisoft\yii2\base\Controller.php(151): yii\base\InlineAction->runWithParams(Array)
#16 C:\wamp\www\YiiPackages\rafix\vendor\yiisoft\yii2\console\Controller.php(91): yii\base\Controller->runAction('', Array)
#17 C:\wamp\www\YiiPackages\rafix\vendor\yiisoft\yii2\base\Module.php(455): yii\console\Controller->runAction('', Array)
#18 C:\wamp\www\YiiPackages\rafix\vendor\yiisoft\yii2\console\Application.php(167): yii\base\Module->runAction('migrate', Array)
#19 C:\wamp\www\YiiPackages\rafix\vendor\yiisoft\yii2\console\Application.php(143): yii\console\Application->runAction('migrate', Array)
#20 C:\wamp\www\YiiPackages\rafix\vendor\yiisoft\yii2\base\Application.php(375): yii\console\Application->handleRequest(Object(yii\console\Request))
#21 C:\wamp\www\YiiPackages\rafix\yii(27): yii\base\Application->run()
#22 {main}

Next exception 'yii\db\Exception' with message 'SQLSTATE[HY000] [1049] Unknown database 'yii2basic'' in C:\wamp\www\YiiPackages\rafix\vendor\yiisoft\yii2\db\Connection.php:534
Stack trace:
#0 C:\wamp\www\YiiPackages\rafix\vendor\yiisoft\yii2\db\Connection.php(836): yii\db\Connection->open()
#1 C:\wamp\www\YiiPackages\rafix\vendor\yiisoft\yii2\db\Connection.php(823): yii\db\Connection->getMasterPdo()
#2 C:\wamp\www\YiiPackages\rafix\vendor\yiisoft\yii2\db\Command.php(216): yii\db\Connection->getSlavePdo()
#3 C:\wamp\www\YiiPackages\rafix\vendor\yiisoft\yii2\db\Command.php(831): yii\db\Command->prepare(true)
#4 C:\wamp\www\YiiPackages\rafix\vendor\yiisoft\yii2\db\Command.php(359): yii\db\Command->queryInternal('fetchAll', NULL)
#5 C:\wamp\www\YiiPackages\rafix\vendor\yiisoft\yii2\db\mysql\Schema.php(198): yii\db\Command->queryAll()
#6 C:\wamp\www\YiiPackages\rafix\vendor\yiisoft\yii2\db\mysql\Schema.php(97): yii\db\mysql\Schema->findColumns(Object(yii\db\TableSchema))
#7 C:\wamp\www\YiiPackages\rafix\vendor\yiisoft\yii2\db\Schema.php(146): yii\db\mysql\Schema->loadTableSchema('migration')
#8 C:\wamp\www\YiiPackages\rafix\vendor\yiisoft\yii2\console\controllers\MigrateController.php(121): yii\db\Schema->getTableSchema('{{%migration}}', true)
#9 C:\wamp\www\YiiPackages\rafix\vendor\yiisoft\yii2\console\controllers\BaseMigrateController.php(610): yii\console\controllers\MigrateController->getMigrationHistory(NULL)
#10 C:\wamp\www\YiiPackages\rafix\vendor\yiisoft\yii2\console\controllers\BaseMigrateController.php(102): yii\console\controllers\BaseMigrateController->getNewMigrations()
#11 [internal function]: yii\console\controllers\BaseMigrateController->actionUp(0)
#12 C:\wamp\www\YiiPackages\rafix\vendor\yiisoft\yii2\base\InlineAction.php(55): call_user_func_array(Array, Array)
#13 C:\wamp\www\YiiPackages\rafix\vendor\yiisoft\yii2\base\Controller.php(151): yii\base\InlineAction->runWithParams(Array)
#14 C:\wamp\www\YiiPackages\rafix\vendor\yiisoft\yii2\console\Controller.php(91): yii\base\Controller->runAction('', Array)
#15 C:\wamp\www\YiiPackages\rafix\vendor\yiisoft\yii2\base\Module.php(455): yii\console\Controller->runAction('', Array)
#16 C:\wamp\www\YiiPackages\rafix\vendor\yiisoft\yii2\console\Application.php(167): yii\base\Module->runAction('migrate', Array)
#17 C:\wamp\www\YiiPackages\rafix\vendor\yiisoft\yii2\console\Application.php(143): yii\console\Application->runAction('migrate', Array)
#18 C:\wamp\www\YiiPackages\rafix\vendor\yiisoft\yii2\base\Application.php(375): yii\console\Application->handleRequest(Object(yii\console\Request))
#19 C:\wamp\www\YiiPackages\rafix\yii(27): yii\base\Application->run()
#20 {main}
Additional Information:

2016-04-14 00:04:25 [-][-][-][info][application] $_SERVER = [
    'ALLUSERSPROFILE' => 'C:\\ProgramData'
    'APPDATA' => 'C:\\Users\\rafaa\\AppData\\Roaming'
    'CommonProgramFiles' => 'C:\\Program Files\\Common Files'
    'CommonProgramFiles(x86)' => 'C:\\Program Files (x86)\\Common Files'
    'CommonProgramW6432' => 'C:\\Program Files\\Common Files'
    'COMPUTERNAME' => 'DESKTOP-7B8MOTJ'
    'ComSpec' => 'C:\\WINDOWS\\system32\\cmd.exe'
    'FPS_BROWSER_APP_PROFILE_STRING' => 'Internet Explorer'
    'FPS_BROWSER_USER_PROFILE_STRING' => 'Default'
    'HOMEDRIVE' => 'C:'
    'HOMEPATH' => '\\Users\\rafaa'
    'LOCALAPPDATA' => 'C:\\Users\\rafaa\\AppData\\Local'
    'LOGONSERVER' => '\\\\MicrosoftAccount'
    'NO_XILINX_DATA_LICENSE' => 'HIDDEN'
    'NUMBER_OF_PROCESSORS' => '4'
    'OS' => 'Windows_NT'
    'Path' => 'C:\\ProgramData\\Oracle\\Java\\javapath;C:\\WINDOWS\\system32;C:\\WINDOWS;C:\\WINDOWS\\System32\\Wbem;C:\\WINDOWS\\System32\\WindowsPowerShell\\v1.0\\;C:\\wamp\\bin\\php\\php5.5.12;C:\\ProgramData\\ComposerSetup\\bin;C:\\Program Files\\Git\\cmd'
    'PATHEXT' => '.COM;.EXE;.BAT;.CMD;.VBS;.VBE;.JS;.JSE;.WSF;.WSH;.MSC'
    'PHP_COMMAND' => 'php.exe'
    'PROCESSOR_ARCHITECTURE' => 'AMD64'
    'PROCESSOR_IDENTIFIER' => 'Intel64 Family 6 Model 69 Stepping 1, GenuineIntel'
    'PROCESSOR_LEVEL' => '6'
    'PROCESSOR_REVISION' => '4501'
    'ProgramData' => 'C:\\ProgramData'
    'ProgramFiles' => 'C:\\Program Files'
    'ProgramFiles(x86)' => 'C:\\Program Files (x86)'
    'ProgramW6432' => 'C:\\Program Files'
    'PROMPT' => '$P$G'
    'PSModulePath' => 'C:\\WINDOWS\\system32\\WindowsPowerShell\\v1.0\\Modules\\'
    'PUBLIC' => 'C:\\Users\\Public'
    'SESSIONNAME' => 'Console'
    'SystemDrive' => 'C:'
    'SystemRoot' => 'C:\\WINDOWS'
    'TEMP' => 'C:\\Users\\rafaa\\AppData\\Local\\Temp'
    'TMP' => 'C:\\Users\\rafaa\\AppData\\Local\\Temp'
    'USERDOMAIN' => 'DESKTOP-7B8MOTJ'
    'USERDOMAIN_ROAMINGPROFILE' => 'DESKTOP-7B8MOTJ'
    'USERNAME' => 'rafaa'
    'USERPROFILE' => 'C:\\Users\\rafaa'
    'windir' => 'C:\\WINDOWS'
    'YII_PATH' => 'C:\\wamp\\www\\YiiPackages\\rafix\\'
    'PHP_SELF' => 'C:\\wamp\\www\\YiiPackages\\rafix\\yii'
    'SCRIPT_NAME' => 'C:\\wamp\\www\\YiiPackages\\rafix\\yii'
    'SCRIPT_FILENAME' => 'C:\\wamp\\www\\YiiPackages\\rafix\\yii'
    'PATH_TRANSLATED' => 'C:\\wamp\\www\\YiiPackages\\rafix\\yii'
    'DOCUMENT_ROOT' => ''
    'REQUEST_TIME_FLOAT' => 1460585065.5903
    'REQUEST_TIME' => 1460585065
    'argv' => [
        0 => 'C:\\wamp\\www\\YiiPackages\\rafix\\yii'
        1 => 'migrate'
        2 => '--migrationPath=@yii/rbac/migrations'
    ]
    'argc' => 3
]
2016-04-14 00:05:05 [-][-][-][error][yii\db\Exception] exception 'PDOException' with message 'SQLSTATE[HY000] [1049] Unknown database 'yii2basic'' in C:\wamp\www\YiiPackages\rafix\vendor\yiisoft\yii2\db\Connection.php:579
Stack trace:
#0 C:\wamp\www\YiiPackages\rafix\vendor\yiisoft\yii2\db\Connection.php(579): PDO->__construct('mysql:host=loca...', 'root', '', NULL)
#1 C:\wamp\www\YiiPackages\rafix\vendor\yiisoft\yii2\db\Connection.php(529): yii\db\Connection->createPdoInstance()
#2 C:\wamp\www\YiiPackages\rafix\vendor\yiisoft\yii2\db\Connection.php(836): yii\db\Connection->open()
#3 C:\wamp\www\YiiPackages\rafix\vendor\yiisoft\yii2\db\Connection.php(823): yii\db\Connection->getMasterPdo()
#4 C:\wamp\www\YiiPackages\rafix\vendor\yiisoft\yii2\db\Command.php(216): yii\db\Connection->getSlavePdo()
#5 C:\wamp\www\YiiPackages\rafix\vendor\yiisoft\yii2\db\Command.php(831): yii\db\Command->prepare(true)
#6 C:\wamp\www\YiiPackages\rafix\vendor\yiisoft\yii2\db\Command.php(359): yii\db\Command->queryInternal('fetchAll', NULL)
#7 C:\wamp\www\YiiPackages\rafix\vendor\yiisoft\yii2\db\mysql\Schema.php(198): yii\db\Command->queryAll()
#8 C:\wamp\www\YiiPackages\rafix\vendor\yiisoft\yii2\db\mysql\Schema.php(97): yii\db\mysql\Schema->findColumns(Object(yii\db\TableSchema))
#9 C:\wamp\www\YiiPackages\rafix\vendor\yiisoft\yii2\db\Schema.php(146): yii\db\mysql\Schema->loadTableSchema('migration')
#10 C:\wamp\www\YiiPackages\rafix\vendor\yiisoft\yii2\console\controllers\MigrateController.php(121): yii\db\Schema->getTableSchema('{{%migration}}', true)
#11 C:\wamp\www\YiiPackages\rafix\vendor\yiisoft\yii2\console\controllers\BaseMigrateController.php(610): yii\console\controllers\MigrateController->getMigrationHistory(NULL)
#12 C:\wamp\www\YiiPackages\rafix\vendor\yiisoft\yii2\console\controllers\BaseMigrateController.php(102): yii\console\controllers\BaseMigrateController->getNewMigrations()
#13 [internal function]: yii\console\controllers\BaseMigrateController->actionUp(0)
#14 C:\wamp\www\YiiPackages\rafix\vendor\yiisoft\yii2\base\InlineAction.php(55): call_user_func_array(Array, Array)
#15 C:\wamp\www\YiiPackages\rafix\vendor\yiisoft\yii2\base\Controller.php(151): yii\base\InlineAction->runWithParams(Array)
#16 C:\wamp\www\YiiPackages\rafix\vendor\yiisoft\yii2\console\Controller.php(91): yii\base\Controller->runAction('', Array)
#17 C:\wamp\www\YiiPackages\rafix\vendor\yiisoft\yii2\base\Module.php(455): yii\console\Controller->runAction('', Array)
#18 C:\wamp\www\YiiPackages\rafix\vendor\yiisoft\yii2\console\Application.php(167): yii\base\Module->runAction('migrate', Array)
#19 C:\wamp\www\YiiPackages\rafix\vendor\yiisoft\yii2\console\Application.php(143): yii\console\Application->runAction('migrate', Array)
#20 C:\wamp\www\YiiPackages\rafix\vendor\yiisoft\yii2\base\Application.php(375): yii\console\Application->handleRequest(Object(yii\console\Request))
#21 C:\wamp\www\YiiPackages\rafix\yii(27): yii\base\Application->run()
#22 {main}

Next exception 'yii\db\Exception' with message 'SQLSTATE[HY000] [1049] Unknown database 'yii2basic'' in C:\wamp\www\YiiPackages\rafix\vendor\yiisoft\yii2\db\Connection.php:534
Stack trace:
#0 C:\wamp\www\YiiPackages\rafix\vendor\yiisoft\yii2\db\Connection.php(836): yii\db\Connection->open()
#1 C:\wamp\www\YiiPackages\rafix\vendor\yiisoft\yii2\db\Connection.php(823): yii\db\Connection->getMasterPdo()
#2 C:\wamp\www\YiiPackages\rafix\vendor\yiisoft\yii2\db\Command.php(216): yii\db\Connection->getSlavePdo()
#3 C:\wamp\www\YiiPackages\rafix\vendor\yiisoft\yii2\db\Command.php(831): yii\db\Command->prepare(true)
#4 C:\wamp\www\YiiPackages\rafix\vendor\yiisoft\yii2\db\Command.php(359): yii\db\Command->queryInternal('fetchAll', NULL)
#5 C:\wamp\www\YiiPackages\rafix\vendor\yiisoft\yii2\db\mysql\Schema.php(198): yii\db\Command->queryAll()
#6 C:\wamp\www\YiiPackages\rafix\vendor\yiisoft\yii2\db\mysql\Schema.php(97): yii\db\mysql\Schema->findColumns(Object(yii\db\TableSchema))
#7 C:\wamp\www\YiiPackages\rafix\vendor\yiisoft\yii2\db\Schema.php(146): yii\db\mysql\Schema->loadTableSchema('migration')
#8 C:\wamp\www\YiiPackages\rafix\vendor\yiisoft\yii2\console\controllers\MigrateController.php(121): yii\db\Schema->getTableSchema('{{%migration}}', true)
#9 C:\wamp\www\YiiPackages\rafix\vendor\yiisoft\yii2\console\controllers\BaseMigrateController.php(610): yii\console\controllers\MigrateController->getMigrationHistory(NULL)
#10 C:\wamp\www\YiiPackages\rafix\vendor\yiisoft\yii2\console\controllers\BaseMigrateController.php(102): yii\console\controllers\BaseMigrateController->getNewMigrations()
#11 [internal function]: yii\console\controllers\BaseMigrateController->actionUp(0)
#12 C:\wamp\www\YiiPackages\rafix\vendor\yiisoft\yii2\base\InlineAction.php(55): call_user_func_array(Array, Array)
#13 C:\wamp\www\YiiPackages\rafix\vendor\yiisoft\yii2\base\Controller.php(151): yii\base\InlineAction->runWithParams(Array)
#14 C:\wamp\www\YiiPackages\rafix\vendor\yiisoft\yii2\console\Controller.php(91): yii\base\Controller->runAction('', Array)
#15 C:\wamp\www\YiiPackages\rafix\vendor\yiisoft\yii2\base\Module.php(455): yii\console\Controller->runAction('', Array)
#16 C:\wamp\www\YiiPackages\rafix\vendor\yiisoft\yii2\console\Application.php(167): yii\base\Module->runAction('migrate', Array)
#17 C:\wamp\www\YiiPackages\rafix\vendor\yiisoft\yii2\console\Application.php(143): yii\console\Application->runAction('migrate', Array)
#18 C:\wamp\www\YiiPackages\rafix\vendor\yiisoft\yii2\base\Application.php(375): yii\console\Application->handleRequest(Object(yii\console\Request))
#19 C:\wamp\www\YiiPackages\rafix\yii(27): yii\base\Application->run()
#20 {main}
Additional Information:

2016-04-14 00:05:05 [-][-][-][info][application] $_SERVER = [
    'ALLUSERSPROFILE' => 'C:\\ProgramData'
    'APPDATA' => 'C:\\Users\\rafaa\\AppData\\Roaming'
    'CommonProgramFiles' => 'C:\\Program Files\\Common Files'
    'CommonProgramFiles(x86)' => 'C:\\Program Files (x86)\\Common Files'
    'CommonProgramW6432' => 'C:\\Program Files\\Common Files'
    'COMPUTERNAME' => 'DESKTOP-7B8MOTJ'
    'ComSpec' => 'C:\\WINDOWS\\system32\\cmd.exe'
    'FPS_BROWSER_APP_PROFILE_STRING' => 'Internet Explorer'
    'FPS_BROWSER_USER_PROFILE_STRING' => 'Default'
    'HOMEDRIVE' => 'C:'
    'HOMEPATH' => '\\Users\\rafaa'
    'LOCALAPPDATA' => 'C:\\Users\\rafaa\\AppData\\Local'
    'LOGONSERVER' => '\\\\MicrosoftAccount'
    'NO_XILINX_DATA_LICENSE' => 'HIDDEN'
    'NUMBER_OF_PROCESSORS' => '4'
    'OS' => 'Windows_NT'
    'Path' => 'C:\\ProgramData\\Oracle\\Java\\javapath;C:\\WINDOWS\\system32;C:\\WINDOWS;C:\\WINDOWS\\System32\\Wbem;C:\\WINDOWS\\System32\\WindowsPowerShell\\v1.0\\;C:\\wamp\\bin\\php\\php5.5.12;C:\\ProgramData\\ComposerSetup\\bin;C:\\Program Files\\Git\\cmd'
    'PATHEXT' => '.COM;.EXE;.BAT;.CMD;.VBS;.VBE;.JS;.JSE;.WSF;.WSH;.MSC'
    'PHP_COMMAND' => 'php.exe'
    'PROCESSOR_ARCHITECTURE' => 'AMD64'
    'PROCESSOR_IDENTIFIER' => 'Intel64 Family 6 Model 69 Stepping 1, GenuineIntel'
    'PROCESSOR_LEVEL' => '6'
    'PROCESSOR_REVISION' => '4501'
    'ProgramData' => 'C:\\ProgramData'
    'ProgramFiles' => 'C:\\Program Files'
    'ProgramFiles(x86)' => 'C:\\Program Files (x86)'
    'ProgramW6432' => 'C:\\Program Files'
    'PROMPT' => '$P$G'
    'PSModulePath' => 'C:\\WINDOWS\\system32\\WindowsPowerShell\\v1.0\\Modules\\'
    'PUBLIC' => 'C:\\Users\\Public'
    'SESSIONNAME' => 'Console'
    'SystemDrive' => 'C:'
    'SystemRoot' => 'C:\\WINDOWS'
    'TEMP' => 'C:\\Users\\rafaa\\AppData\\Local\\Temp'
    'TMP' => 'C:\\Users\\rafaa\\AppData\\Local\\Temp'
    'USERDOMAIN' => 'DESKTOP-7B8MOTJ'
    'USERDOMAIN_ROAMINGPROFILE' => 'DESKTOP-7B8MOTJ'
    'USERNAME' => 'rafaa'
    'USERPROFILE' => 'C:\\Users\\rafaa'
    'windir' => 'C:\\WINDOWS'
    'YII_PATH' => 'C:\\wamp\\www\\YiiPackages\\rafix\\'
    'PHP_SELF' => 'C:\\wamp\\www\\YiiPackages\\rafix\\yii'
    'SCRIPT_NAME' => 'C:\\wamp\\www\\YiiPackages\\rafix\\yii'
    'SCRIPT_FILENAME' => 'C:\\wamp\\www\\YiiPackages\\rafix\\yii'
    'PATH_TRANSLATED' => 'C:\\wamp\\www\\YiiPackages\\rafix\\yii'
    'DOCUMENT_ROOT' => ''
    'REQUEST_TIME_FLOAT' => 1460585105.7419
    'REQUEST_TIME' => 1460585105
    'argv' => [
        0 => 'C:\\wamp\\www\\YiiPackages\\rafix\\yii'
        1 => 'migrate'
        2 => '--migrationPath=@yii/rbac/migrations'
    ]
    'argc' => 3
]
